#
# There is insufficient memory for the Java Runtime Environment to continue.
# Native memory allocation (mmap) failed to map 268435456 bytes for G1 virtual space
# Possible reasons:
#   The system is out of physical RAM or swap space
#   The process is running with CompressedOops enabled, and the Java Heap may be blocking the growth of the native heap
# Possible solutions:
#   Reduce memory load on the system
#   Increase physical memory or swap space
#   Check if swap backing store is full
#   Decrease Java heap size (-Xmx/-Xms)
#   Decrease number of Java threads
#   Decrease Java thread stack sizes (-Xss)
#   Set larger code cache with -XX:ReservedCodeCacheSize=
#   JVM is running with Zero Based Compressed Oops mode in which the Java heap is
#     placed in the first 32GB address space. The Java Heap base address is the
#     maximum limit for the native heap growth. Please use -XX:HeapBaseMinAddress
#     to set the Java Heap base and to place the Java Heap above 32GB virtual address.
# This output file may be truncated or incomplete.
#
#  Out of Memory Error (os_windows.cpp:3541), pid=1584, tid=16136
#
# JRE version:  (17.0.5+9) (build )
# Java VM: Java HotSpot(TM) 64-Bit Server VM (17.0.5+9-LTS-191, mixed mode, sharing, tiered, compressed oops, compressed class ptrs, g1 gc, windows-amd64)
# No core dump will be written. Minidumps are not enabled by default on client versions of Windows
#

---------------  S U M M A R Y ------------

Command Line: -Dfile.encoding=UTF-8 -XX:+ShowCodeDetailsInExceptionMessages com.gui.SwingDemo

Host: Intel(R) Core(TM) i7-9700F CPU @ 3.00GHz, 8 cores, 15G,  Windows 10 , 64 bit Build 19041 (10.0.19041.1023)
Time: Sat Jun 10 15:37:48 2023 India Standard Time elapsed time: 0.005849 seconds (0d 0h 0m 0s)

---------------  T H R E A D  ---------------

Current thread (0x0000023055a9c080):  JavaThread "Unknown thread" [_thread_in_vm, id=16136, stack(0x000000bf65400000,0x000000bf65500000)]

Stack: [0x000000bf65400000,0x000000bf65500000]
Native frames: (J=compiled Java code, j=interpreted, Vv=VM code, C=native code)
V  [jvm.dll+0x672eea]
V  [jvm.dll+0x7d2a04]
V  [jvm.dll+0x7d41ae]
V  [jvm.dll+0x7d4813]
V  [jvm.dll+0x242c15]
V  [jvm.dll+0x66fe09]
V  [jvm.dll+0x664682]
V  [jvm.dll+0x300e8b]
V  [jvm.dll+0x308426]
V  [jvm.dll+0x357ffe]
V  [jvm.dll+0x35822f]
V  [jvm.dll+0x2d80a8]
V  [jvm.dll+0x2d9014]
V  [jvm.dll+0x7a44e1]
V  [jvm.dll+0x365df1]
V  [jvm.dll+0x7838fc]
V  [jvm.dll+0x3e873f]
V  [jvm.dll+0x3ea1e1]
C  [jli.dll+0x527b]
C  [ucrtbase.dll+0x21bb2]
C  [KERNEL32.DLL+0x17034]
C  [ntdll.dll+0x52651]


---------------  P R O C E S S  ---------------

Threads class SMR info:
_java_thread_list=0x00007ffb88e6a8d8, length=0, elements={
}

Java Threads: ( => current thread )

Other Threads:
  0x0000023055b07dd0 GCTaskThread "GC Thread#0" [stack: 0x000000bf65500000,0x000000bf65600000] [id=23200]
  0x0000023055b193b0 ConcurrentGCThread "G1 Main Marker" [stack: 0x000000bf65600000,0x000000bf65700000] [id=22976]
  0x0000023055b19dc0 ConcurrentGCThread "G1 Conc#0" [stack: 0x000000bf65700000,0x000000bf65800000] [id=23024]

[error occurred during error reporting (printing all threads), id 0xc0000005, EXCEPTION_ACCESS_VIOLATION (0xc0000005) at pc=0x00007ffb886b8a97]

VM state: not at safepoint (not fully initialized)

VM Mutex/Monitor currently owned by a thread:  ([mutex/lock_event])
[0x0000023055a97df0] Heap_lock - owner thread: 0x0000023055a9c080

Heap address: 0x0000000701000000, size: 4080 MB, Compressed Oops mode: Zero based, Oop shift amount: 3

CDS archive(s) mapped at: [0x0000000000000000-0x0000000000000000-0x0000000000000000), size 0, SharedBaseAddress: 0x0000000800000000, ArchiveRelocationMode: 0.
Narrow klass base: 0x0000000000000000, Narrow klass shift: 0, Narrow klass range: 0x0

GC Precious Log:
<Empty>

Heap:
 garbage-first heap   total 0K, used 0K [0x0000000701000000, 0x0000000800000000)
  region size 2048K, 0 young (0K), 0 survivors (0K)

[error occurred during error reporting (printing heap information), id 0xc0000005, EXCEPTION_ACCESS_VIOLATION (0xc0000005) at pc=0x00007ffb88a9c399]

GC Heap History (0 events):
No events

Deoptimization events (0 events):
No events

Classes unloaded (0 events):
No events

Classes redefined (0 events):
No events

Internal exceptions (0 events):
No events

VM Operations (0 events):
No events

Events (1 events):
Event: 0.003 Loaded shared library C:\Program Files\Java\jdk-17.0.5\bin\java.dll


Dynamic libraries:
0x00007ff747000000 - 0x00007ff747010000 	C:\Program Files\Java\jdk-17.0.5\bin\javaw.exe
0x00007ffbd9f30000 - 0x00007ffbda125000 	C:\WINDOWS\SYSTEM32\ntdll.dll
0x00007ffbd9610000 - 0x00007ffbd96cd000 	C:\WINDOWS\System32\KERNEL32.DLL
0x00007ffbd7a50000 - 0x00007ffbd7d18000 	C:\WINDOWS\System32\KERNELBASE.dll
0x00007ffbd7670000 - 0x00007ffbd7770000 	C:\WINDOWS\System32\ucrtbase.dll
0x00007ffb92b30000 - 0x00007ffb92b4a000 	C:\Program Files\Java\jdk-17.0.5\bin\VCRUNTIME140.dll
0x00007ffbc26a0000 - 0x00007ffbc26b8000 	C:\Program Files\Java\jdk-17.0.5\bin\jli.dll
0x00007ffbd8c50000 - 0x00007ffbd8cfc000 	C:\WINDOWS\System32\ADVAPI32.dll
0x00007ffbd9140000 - 0x00007ffbd91de000 	C:\WINDOWS\System32\msvcrt.dll
0x00007ffbd8e00000 - 0x00007ffbd8e9b000 	C:\WINDOWS\System32\sechost.dll
0x00007ffbd9730000 - 0x00007ffbd985b000 	C:\WINDOWS\System32\RPCRT4.dll
0x00007ffbd8960000 - 0x00007ffbd8b00000 	C:\WINDOWS\System32\USER32.dll
0x00007ffbd7ee0000 - 0x00007ffbd7f02000 	C:\WINDOWS\System32\win32u.dll
0x00007ffbcf3f0000 - 0x00007ffbcf68a000 	C:\WINDOWS\WinSxS\amd64_microsoft.windows.common-controls_6595b64144ccf1df_6.0.19041.1052_none_60b8f8fd71f5e8cb\COMCTL32.dll
0x00007ffbd8b00000 - 0x00007ffbd8b2a000 	C:\WINDOWS\System32\GDI32.dll
0x00007ffbd7d20000 - 0x00007ffbd7e2b000 	C:\WINDOWS\System32\gdi32full.dll
0x00007ffbd7770000 - 0x00007ffbd780d000 	C:\WINDOWS\System32\msvcp_win.dll
0x00007ffbd07a0000 - 0x00007ffbd07aa000 	C:\WINDOWS\SYSTEM32\VERSION.dll
0x00007ffbd9110000 - 0x00007ffbd9140000 	C:\WINDOWS\System32\IMM32.DLL
0x00007ffbd3340000 - 0x00007ffbd334c000 	C:\Program Files\Java\jdk-17.0.5\bin\vcruntime140_1.dll
0x00007ffb84540000 - 0x00007ffb845cd000 	C:\Program Files\Java\jdk-17.0.5\bin\msvcp140.dll
0x00007ffb883d0000 - 0x00007ffb88f92000 	C:\Program Files\Java\jdk-17.0.5\bin\server\jvm.dll
0x00007ffbd9100000 - 0x00007ffbd9108000 	C:\WINDOWS\System32\PSAPI.DLL
0x00007ffbc4f30000 - 0x00007ffbc4f39000 	C:\WINDOWS\SYSTEM32\WSOCK32.dll
0x00007ffbcf8a0000 - 0x00007ffbcf8c7000 	C:\WINDOWS\SYSTEM32\WINMM.dll
0x00007ffbd88f0000 - 0x00007ffbd895b000 	C:\WINDOWS\System32\WS2_32.dll
0x00007ffbd55a0000 - 0x00007ffbd55b2000 	C:\WINDOWS\SYSTEM32\kernel.appcore.dll
0x00007ffbc1d90000 - 0x00007ffbc1d9a000 	C:\Program Files\Java\jdk-17.0.5\bin\jimage.dll
0x00007ffbc53c0000 - 0x00007ffbc55a4000 	C:\WINDOWS\SYSTEM32\DBGHELP.DLL
0x00007ffbc46a0000 - 0x00007ffbc46cc000 	C:\WINDOWS\SYSTEM32\dbgcore.DLL
0x00007ffbd7f10000 - 0x00007ffbd7f93000 	C:\WINDOWS\System32\bcryptPrimitives.dll
0x00007ffb8dec0000 - 0x00007ffb8dee5000 	C:\Program Files\Java\jdk-17.0.5\bin\java.dll

dbghelp: loaded successfully - version: 4.0.5 - missing functions: none
symbol engine: initialized successfully - sym options: 0x614 - pdb path: .;C:\Program Files\Java\jdk-17.0.5\bin;C:\WINDOWS\SYSTEM32;C:\WINDOWS\WinSxS\amd64_microsoft.windows.common-controls_6595b64144ccf1df_6.0.19041.1052_none_60b8f8fd71f5e8cb;C:\Program Files\Java\jdk-17.0.5\bin\server

VM Arguments:
jvm_args: -Dfile.encoding=UTF-8 -XX:+ShowCodeDetailsInExceptionMessages 
java_command: com.gui.SwingDemo
java_class_path (initial): C:\Users\Tops\Java_12\CoreJava\bin;C:\Users\Tops\Downloads\postgresql-42.6.0.jar
Launcher Type: SUN_STANDARD

[Global flags]
     intx CICompilerCount                          = 4                                         {product} {ergonomic}
     uint ConcGCThreads                            = 2                                         {product} {ergonomic}
     uint G1ConcRefinementThreads                  = 8                                         {product} {ergonomic}
   size_t G1HeapRegionSize                         = 2097152                                   {product} {ergonomic}
    uintx GCDrainStackTargetSize                   = 64                                        {product} {ergonomic}
   size_t InitialHeapSize                          = 268435456                                 {product} {ergonomic}
   size_t MarkStackSize                            = 4194304                                   {product} {ergonomic}
   size_t MaxHeapSize                              = 4278190080                                {product} {ergonomic}
   size_t MinHeapDeltaBytes                        = 2097152                                   {product} {ergonomic}
   size_t MinHeapSize                              = 8388608                                   {product} {ergonomic}
    uintx NonNMethodCodeHeapSize                   = 5839372                                {pd product} {ergonomic}
    uintx NonProfiledCodeHeapSize                  = 122909434                              {pd product} {ergonomic}
    uintx ProfiledCodeHeapSize                     = 122909434                              {pd product} {ergonomic}
    uintx ReservedCodeCacheSize                    = 251658240                              {pd product} {ergonomic}
     bool SegmentedCodeCache                       = true                                      {product} {ergonomic}
     bool ShowCodeDetailsInExceptionMessages       = true                                   {manageable} {command line}
   size_t SoftMaxHeapSize                          = 4278190080                             {manageable} {ergonomic}
     bool UseCompressedClassPointers               = true                           {product lp64_product} {ergonomic}
     bool UseCompressedOops                        = true                           {product lp64_product} {ergonomic}
     bool UseG1GC                                  = true                                      {product} {ergonomic}
     bool UseLargePagesIndividualAllocation        = false                                  {pd product} {ergonomic}

Logging:
Log output configuration:
 #0: stdout all=warning uptime,level,tags
 #1: stderr all=off uptime,level,tags

Environment Variables:
JAVA_HOME=C:\Program Files\Java\jdk-17.0.5
PATH=C:/Program Files/Java/jdk-17.0.5/bin/server;C:/Program Files/Java/jdk-17.0.5/bin;C:\Users\Tops\AppData\Local\Programs\Python\Python39;C:\Program Files\Common Files\Oracle\Java\javapath;C:\Program Files\Java\jdk1.8.0_211;C:\WINDOWS\system32;C:\WINDOWS;C:\WINDOWS\System32\Wbem;C:\WINDOWS\System32\WindowsPowerShell\v1.0\;C:\WINDOWS\System32\OpenSSH\;C:\Program Files (x86)\GtkSharp\2.12\bin;C:\Program Files\Git\cmd;C:\Program Files\Git\mingw64\bin;C:\Program Files\Git\usr\bin;C:\Program Files\Java\jre1.8.0_211\bin;C:\Program Files\PostgreSQL\10\bin;C:\Program Files (x86)\NVIDIA Corporation\PhysX\Common;C:\Program Files\nodejs\;JAVA_HOME\bin;C:\Users\Tops\AppData\Local\Android\sdk\tools\bin;C:\Users\Tops\AppData\Local\Android\sdk\tools;C:\Users\Tops\AppData\Local\Android\sdk\platform-tools;C:\Users\Tops\AppData\Local\Programs\Python\Launcher\;C:\Users\Tops\AppData\Local\Programs\Python\Python311\Scripts\;C:\Users\Tops\AppData\Local\Programs\Python\Python311\;C:\Users\Tops\AppData\Local\Programs\Python\Python39\Scripts\;C:\Users\Tops\AppData\Local\Programs\Python\Python39\;C:\Users\Tops\AppData\Local\Microsoft\WindowsApps;C:\Program Files\heroku\bin;C:\Users\Tops\AppData\Roaming\npm;C:\Users\Tops\AppData\Local\Programs\Microsoft VS Code\bin;C:\Users\Tops\Desktop;
USERNAME=Tops
OS=Windows_NT
PROCESSOR_IDENTIFIER=Intel64 Family 6 Model 158 Stepping 13, GenuineIntel



---------------  S Y S T E M  ---------------

OS:
 Windows 10 , 64 bit Build 19041 (10.0.19041.1023)
OS uptime: 1 days 1:16 hours
Hyper-V role detected

CPU: total 8 (initial active 8) (8 cores per cpu, 1 threads per core) family 6 model 158 stepping 13 microcode 0xde, cx8, cmov, fxsr, mmx, 3dnowpref, sse, sse2, sse3, ssse3, sse4.1, sse4.2, popcnt, lzcnt, tsc, tscinvbit, avx, avx2, aes, erms, clmul, bmi1, bmi2, adx, fma, vzeroupper, clflush, clflushopt, hv

Memory: 4k page, system-wide physical 16318M (7302M free)
TotalPageFile size 27155M (AvailPageFile size 55M)
current process WorkingSet (physical memory assigned to process): 10M, peak: 10M
current process commit charge ("private bytes"): 60M, peak: 316M

vm_info: Java HotSpot(TM) 64-Bit Server VM (17.0.5+9-LTS-191) for windows-amd64 JRE (17.0.5+9-LTS-191), built on Sep 13 2022 17:31:43 by "mach5one" with MS VC++ 16.8 / 16.9 (VS2019)

END.
